<?xml version="1.0" encoding="UTF-8"?>
<!-- Generated by org.testng.reporters.JUnitReportReporter -->
<testsuite hostname="USHYDANWRE1" failures="0" tests="1" name="cucumberOptions.TestNGTestRunner" time="0.135" errors="0" timestamp="2023-07-11T19:55:45 IST" skipped="0">
  <testcase classname="cucumberOptions.TestNGTestRunner" name="runScenario" time="0.135"/>
  <system-out/>
</testsuite> <!-- cucumberOptions.TestNGTestRunner -->
