<?xml version="1.0" encoding="UTF-8"?>
<!-- Generated by org.testng.reporters.JUnitReportReporter -->
<testsuite hostname="USHYDANWRED8" failures="0" tests="1" name="AutomationTestingTraining.ProgramsAndCollections.Palindrome" time="0.008" errors="0" timestamp="2024-09-09T22:11:47 IST" skipped="0">
  <testcase classname="AutomationTestingTraining.ProgramsAndCollections.Palindrome" name="palindrome" time="0.008"/>
  <system-out/>
</testsuite> <!-- AutomationTestingTraining.ProgramsAndCollections.Palindrome -->
