<?xml version="1.0" encoding="UTF-8"?>
<!-- Generated by org.testng.reporters.JUnitReportReporter -->
<testsuite hostname="USHYDANWRE1" failures="0" tests="1" name="AutomationTestingTraining.Basics.SumValidation" time="1.489" errors="0" timestamp="2023-08-03T15:27:45 IST" skipped="0">
  <testcase classname="AutomationTestingTraining.Basics.SumValidation" name="SumOfCourses" time="1.489"/>
  <system-out/>
</testsuite> <!-- AutomationTestingTraining.Basics.SumValidation -->
