<?xml version="1.0" encoding="UTF-8"?>
<!-- Generated by org.testng.reporters.JUnitReportReporter -->
<testsuite hostname="USHYDANWRED8" failures="0" tests="3" name="AutomationTestingTraining.Basics.HandlingdynamicJsonpayloads" time="5.159" errors="0" timestamp="2024-09-09T12:26:20 IST" skipped="0">
  <testcase classname="AutomationTestingTraining.Basics.HandlingdynamicJsonpayloads" name="addBook" time="3.452"/>
  <system-out/>
  <testcase classname="AutomationTestingTraining.Basics.HandlingdynamicJsonpayloads" name="addBook" time="1.012"/>
  <system-out/>
  <testcase classname="AutomationTestingTraining.Basics.HandlingdynamicJsonpayloads" name="addBook" time="0.695"/>
  <system-out/>
</testsuite> <!-- AutomationTestingTraining.Basics.HandlingdynamicJsonpayloads -->
