<?xml version="1.0" encoding="UTF-8"?>
<!-- Generated by org.testng.reporters.JUnitReportReporter -->
<testsuite hostname="USHYDANWRED8" failures="0" tests="1" name="AutomationTestingTraining.Basics.SumValidation" time="1.605" errors="0" timestamp="2024-09-09T12:26:20 IST" skipped="0">
  <testcase classname="AutomationTestingTraining.Basics.SumValidation" name="SumOfCourses" time="1.605"/>
  <system-out/>
</testsuite> <!-- AutomationTestingTraining.Basics.SumValidation -->
