<?xml version="1.0" encoding="UTF-8"?>
<!-- Generated by org.testng.reporters.JUnitReportReporter -->
<testsuite hostname="USHYDANWRE1" failures="0" tests="1" name="cucumberOptions.TestNGTestRunner" time="0.124" errors="0" timestamp="2023-08-21T20:49:05 IST" skipped="0">
  <testcase classname="cucumberOptions.TestNGTestRunner" name="runScenario" time="0.124"/>
  <system-out/>
</testsuite> <!-- cucumberOptions.TestNGTestRunner -->
