<?xml version="1.0" encoding="UTF-8"?>
<!-- Generated by org.testng.reporters.JUnitReportReporter -->
<testsuite hostname="USHYDANWRED8" failures="0" tests="1" name="cucumberOptions.TestNGTestRunner" time="0.086" errors="0" timestamp="2024-09-05T13:45:25 IST" skipped="0">
  <testcase classname="cucumberOptions.TestNGTestRunner" name="runScenario" time="0.086"/>
  <system-out/>
</testsuite> <!-- cucumberOptions.TestNGTestRunner -->
