<?xml version="1.0" encoding="UTF-8"?>
<!-- Generated by org.testng.reporters.JUnitReportReporter -->
<testsuite hostname="USHYDANWRE1" failures="0" tests="1" name="AutomationTesting.SeleniumTesting.Test1" time="6.898" errors="0" timestamp="2023-02-07T00:24:06 IST" skipped="0">
  <testcase classname="AutomationTesting.SeleniumTesting.Test1" name="FacebookLoginDetails" time="6.898"/>
  <system-out/>
</testsuite> <!-- AutomationTesting.SeleniumTesting.Test1 -->
