<?xml version="1.0" encoding="UTF-8"?>
<!-- Generated by org.testng.reporters.JUnitReportReporter -->
<testsuite hostname="USHYDANWRE1" failures="0" tests="8" name="AutomationTesting.SeleniumTesting.DataProvidersExample" time="0.011" errors="0" timestamp="2023-02-21T10:38:15 IST" skipped="0">
  <testcase classname="AutomationTesting.SeleniumTesting.DataProvidersExample" name="TestRun" time="0.001"/>
  <system-out/>
  <testcase classname="AutomationTesting.SeleniumTesting.DataProvidersExample" name="TestRun" time="0.002"/>
  <system-out/>
  <testcase classname="AutomationTesting.SeleniumTesting.DataProvidersExample" name="TestRun" time="0.001"/>
  <system-out/>
  <testcase classname="AutomationTesting.SeleniumTesting.DataProvidersExample" name="TestRun" time="0.001"/>
  <system-out/>
  <testcase classname="AutomationTesting.SeleniumTesting.DataProvidersExample" name="TestRun" time="0.002"/>
  <system-out/>
  <testcase classname="AutomationTesting.SeleniumTesting.DataProvidersExample" name="TestRun" time="0.001"/>
  <system-out/>
  <testcase classname="AutomationTesting.SeleniumTesting.DataProvidersExample" name="TestRun" time="0.002"/>
  <system-out/>
  <testcase classname="AutomationTesting.SeleniumTesting.DataProvidersExample" name="TestRun" time="0.001"/>
  <system-out/>
</testsuite> <!-- AutomationTesting.SeleniumTesting.DataProvidersExample -->
