<?xml version="1.0" encoding="UTF-8"?>
<!-- Generated by org.testng.reporters.JUnitReportReporter -->
<testsuite hostname="USHYDANWRE1" failures="0" tests="1" name="AutomationTesting.SeleniumTesting.ExcelDataDriven" time="1.011" errors="0" timestamp="2023-02-06T11:12:02 IST" skipped="0">
  <testcase classname="AutomationTesting.SeleniumTesting.ExcelDataDriven" name="Run" time="1.011"/>
  <system-out/>
</testsuite> <!-- AutomationTesting.SeleniumTesting.ExcelDataDriven -->
