<?xml version="1.0" encoding="UTF-8"?>
<!-- Generated by org.testng.reporters.JUnitReportReporter -->
<testsuite hostname="USHYDANWRE1" failures="0" tests="3" name="AutomationTesting.SeleniumTesting.LoansRate" time="0.007" errors="0" timestamp="2023-02-21T11:09:59 IST" skipped="0">
  <testcase classname="AutomationTesting.SeleniumTesting.LoansRate" name="truckLoan" time="0.002"/>
  <system-out/>
  <testcase classname="AutomationTesting.SeleniumTesting.LoansRate" name="homeLoan" time="0.001"/>
  <system-out/>
  <testcase classname="AutomationTesting.SeleniumTesting.LoansRate" name="BikeLoan" time="0.004"/>
  <system-out/>
</testsuite> <!-- AutomationTesting.SeleniumTesting.LoansRate -->
