<?xml version="1.0" encoding="UTF-8"?>
<!-- Generated by org.testng.reporters.JUnitReportReporter -->
<testsuite hostname="USHYDANWRE1" failures="0" tests="3" name="AutomationTesting.SeleniumTesting.LoanRate2" time="0.010" errors="0" timestamp="2023-06-21T18:24:25 IST" skipped="0">
  <testcase classname="AutomationTesting.SeleniumTesting.LoanRate2" name="BikeLoanoffertrain" time="0.001"/>
  <system-out/>
  <testcase classname="AutomationTesting.SeleniumTesting.LoanRate2" name="VehicleLoanoffering" time="0.002"/>
  <system-out/>
  <testcase classname="AutomationTesting.SeleniumTesting.LoanRate2" name="BikeLoan" time="0.007"/>
  <system-out/>
</testsuite> <!-- AutomationTesting.SeleniumTesting.LoanRate2 -->
