<?xml version="1.0" encoding="UTF-8"?>
<!-- Generated by org.testng.reporters.JUnitReportReporter -->
<testsuite hostname="USHYDANWRE1" failures="0" tests="1" name="AutomationTesting.SeleniumTesting.ExceptionHandling" time="0.009" errors="0" timestamp="2023-01-13T10:46:37 IST" skipped="0">
  <testcase classname="AutomationTesting.SeleniumTesting.ExceptionHandling" name="run" time="0.009"/>
  <system-out/>
</testsuite> <!-- AutomationTesting.SeleniumTesting.ExceptionHandling -->
