<?xml version="1.0" encoding="UTF-8"?>
<!-- Generated by org.testng.reporters.JUnitReportReporter -->
<testsuite hostname="USHYDANWRE1" failures="0" tests="1" name="AutomationTesting.SeleniumTesting.FaceBookExcelData" time="23.350" errors="0" timestamp="2023-02-24T10:59:13 IST" skipped="0">
  <testcase classname="AutomationTesting.SeleniumTesting.FaceBookExcelData" name="FacebookLoginDetails" time="23.350"/>
  <system-out/>
</testsuite> <!-- AutomationTesting.SeleniumTesting.FaceBookExcelData -->
