<?xml version="1.0" encoding="UTF-8"?>
<!-- Generated by org.testng.reporters.JUnitReportReporter -->
<testsuite hostname="USHYDANWRE1" failures="0" tests="1" name="AutomationTesting.SeleniumTesting.Facebook" time="1.176" errors="0" timestamp="2023-07-31T23:05:57 IST" skipped="0">
  <testcase classname="AutomationTesting.SeleniumTesting.Facebook" name="Facebook" time="1.176"/>
  <system-out/>
</testsuite> <!-- AutomationTesting.SeleniumTesting.Facebook -->
